<?xml version="1.0" encoding="UTF-8"?>
<testng-results skipped="0" failed="0" ignored="0" total="2" passed="2">
  <reporter-output>
  </reporter-output>
  <suite name="Suite" duration-ms="33728" started-at="2020-05-03T04:41:48Z" finished-at="2020-05-03T04:42:21Z">
    <groups>
    </groups>
    <test name="Test1" duration-ms="23294" started-at="2020-05-03T04:41:48Z" finished-at="2020-05-03T04:42:11Z">
      <class name="multipleWindow.HandleMultiWindow">
        <test-method status="PASS" signature="multiWindowHandleDemo()[pri:0, instance:multipleWindow.HandleMultiWindow@740d2e78]" name="multiWindowHandleDemo" duration-ms="23138" started-at="2020-05-03T04:41:48Z" finished-at="2020-05-03T04:42:11Z">
          <reporter-output>
          </reporter-output>
        </test-method> <!-- multiWindowHandleDemo -->
      </class> <!-- multipleWindow.HandleMultiWindow -->
    </test> <!-- Test1 -->
    <test name="Test2" duration-ms="9939" started-at="2020-05-03T04:42:11Z" finished-at="2020-05-03T04:42:21Z">
      <class name="fileUpload.FileUploadDemo2">
        <test-method status="PASS" signature="fileUpload()[pri:0, instance:fileUpload.FileUploadDemo2@62e20a76]" name="fileUpload" duration-ms="9935" started-at="2020-05-03T04:42:11Z" finished-at="2020-05-03T04:42:21Z">
          <reporter-output>
          </reporter-output>
        </test-method> <!-- fileUpload -->
      </class> <!-- fileUpload.FileUploadDemo2 -->
    </test> <!-- Test2 -->
  </suite> <!-- Suite -->
</testng-results>
