<?xml version="1.0" encoding="UTF-8"?>
<testng-results skipped="0" failed="0" ignored="0" total="1" passed="1">
  <reporter-output>
  </reporter-output>
  <suite name="Default suite" duration-ms="31714" started-at="2020-04-30T01:14:59Z" finished-at="2020-04-30T01:15:31Z">
    <groups>
    </groups>
    <test name="Default test" duration-ms="31714" started-at="2020-04-30T01:14:59Z" finished-at="2020-04-30T01:15:31Z">
      <class name="fileUpload.FileUploadDemo2">
        <test-method status="PASS" signature="fileUpload()[pri:0, instance:fileUpload.FileUploadDemo2@5a37d3ed]" name="fileUpload" duration-ms="30526" started-at="2020-04-30T01:15:00Z" finished-at="2020-04-30T01:15:31Z">
          <reporter-output>
          </reporter-output>
        </test-method> <!-- fileUpload -->
      </class> <!-- fileUpload.FileUploadDemo2 -->
    </test> <!-- Default test -->
  </suite> <!-- Default suite -->
</testng-results>
